04-01-2021 @ 17:33:07 - Requesting session ID...
04-01-2021 @ 17:33:07 - PagSeguro session is valid! The return is: SimpleXMLElement Object
(
    [id] => de234efca4754a86aafbce936638a70e
)

04-01-2021 @ 17:35:31 - Adding customer to plan: <?xml version="1.0" encoding="UTF-8" standalone="yes"?>
<directPreApproval>
  <plan>5E53B09E8989B167746BAF9007EB351F</plan>
  <reference><![CDATA[WC-11354]]></reference>
  <sender>
    <email><![CDATA[alan.diniz@ucp.br]]></email>
    <documents>
      <document>
        <type>CPF</type>
        <value>14206183775</value>
      </document>
    </documents>
    <name><![CDATA[Alan Diniz]]></name>
    <phone>
      <areaCode>24</areaCode>
      <number>992323522</number>
    </phone>
    <hash>64e0d4d1d0a018ef246e53b043cf305e90b2b42733782e10da802553c8e8fdcb</hash>
    <ip>2804:14d:5082:8650:6cd8:596c:3f1a:ad39</ip>
    <address>
      <street><![CDATA[Rua dr.bojean]]></street>
      <number>1042</number>
      <district><![CDATA[Esperaança]]></district>
      <postalCode>25615142</postalCode>
      <city><![CDATA[PETROPOLIS]]></city>
      <state>RJ</state>
      <country>BRA</country>
    </address>
  </sender>
  <paymentMethod>
    <type>CREDITCARD</type>
    <creditCard>
      <token>d859c1c8d44d46da9fe08e237d9ab98e</token>
      <holder>
        <name><![CDATA[Alan Diniz]]></name>
        <document>
          <type>CPF</type>
          <value>14206183775</value>
        </document>
        <birthDate>27/02/1990</birthDate>
        <phone>
          <areaCode>24</areaCode>
          <number>992323522</number>
        </phone>
      </holder>
      <address>
        <street><![CDATA[Rua dr.bojean]]></street>
        <number>1042</number>
        <district><![CDATA[Esperaança]]></district>
        <city><![CDATA[PETROPOLIS]]></city>
        <state>RJ</state>
        <country>BRA</country>
        <postalCode>25615142</postalCode>
      </address>
    </creditCard>
  </paymentMethod>
</directPreApproval>

04-01-2021 @ 17:35:35 - Customer added to plan successfuly: Array
(
    [headers] => Requests_Utility_CaseInsensitiveDictionary Object
        (
            [data:protected] => Array
                (
                    [date] => Thu, 01 Apr 2021 17:35:34 GMT
                    [content-type] => application/vnd.pagseguro.com.br.v3+xml;charset=ISO-8859-1
                    [strict-transport-security] => max-age=31536000
                    [vary] => User-Agent
                    [set-cookie] => TS018765ea=01ed0a5ec2d8c6c075797f07b926632991528146b834dc3f9c7d2758ac4bdb2d749733920c6cade9bffeffab3564ac1474edb3f086; Max-Age=500; Path=/; Domain=.ws.pagseguro.uol.com.br
                )

        )

    [body] => <?xml version="1.0" encoding="ISO-8859-1" standalone="yes"?><directPreApproval><code>2A7265E6272723E444249FB141EEBDAC</code></directPreApproval>
    [response] => Array
        (
            [code] => 200
            [message] => OK
        )

    [cookies] => Array
        (
            [0] => WP_Http_Cookie Object
                (
                    [name] => TS018765ea
                    [value] => 01ed0a5ec2d8c6c075797f07b926632991528146b834dc3f9c7d2758ac4bdb2d749733920c6cade9bffeffab3564ac1474edb3f086
                    [expires] => 
                    [path] => /
                    [domain] => ws.pagseguro.uol.com.br
                    [host_only] => 
                )

        )

    [filename] => 
    [http_response] => WP_HTTP_Requests_Response Object
        (
            [response:protected] => Requests_Response Object
                (
                    [body] => <?xml version="1.0" encoding="ISO-8859-1" standalone="yes"?><directPreApproval><code>2A7265E6272723E444249FB141EEBDAC</code></directPreApproval>
                    [raw] => HTTP/1.1 200 OK
Date: Thu, 01 Apr 2021 17:35:34 GMT
Content-Type: application/vnd.pagseguro.com.br.v3+xml;charset=ISO-8859-1
Strict-Transport-Security: max-age=31536000
Vary: User-Agent
Connection: close
Set-Cookie: TS018765ea=01ed0a5ec2d8c6c075797f07b926632991528146b834dc3f9c7d2758ac4bdb2d749733920c6cade9bffeffab3564ac1474edb3f086; Max-Age=500; Path=/; Domain=.ws.pagseguro.uol.com.br
Transfer-Encoding: chunked

<?xml version="1.0" encoding="ISO-8859-1" standalone="yes"?><directPreApproval><code>2A7265E6272723E444249FB141EEBDAC</code></directPreApproval>
                    [headers] => Requests_Response_Headers Object
                        (
                            [data:protected] => Array
                                (
                                    [date] => Array
                                        (
                                            [0] => Thu, 01 Apr 2021 17:35:34 GMT
                                        )

                                    [content-type] => Array
                                        (
                                            [0] => application/vnd.pagseguro.com.br.v3+xml;charset=ISO-8859-1
                                        )

                                    [strict-transport-security] => Array
                                        (
                                            [0] => max-age=31536000
                                        )

                                    [vary] => Array
                                        (
                                            [0] => User-Agent
                                        )

                                    [set-cookie] => Array
                                        (
                                            [0] => TS018765ea=01ed0a5ec2d8c6c075797f07b926632991528146b834dc3f9c7d2758ac4bdb2d749733920c6cade9bffeffab3564ac1474edb3f086; Max-Age=500; Path=/; Domain=.ws.pagseguro.uol.com.br
                                        )

                                )

                        )

                    [status_code] => 200
                    [protocol_version] => 1.1
                    [success] => 1
                    [redirects] => 0
                    [url] => https://ws.pagseguro.uol.com.br/pre-approvals?email=tocattabrasileira@gmail.com&token=2312f36f-2e04-4c80-baf9-31950fd8842f2a0b6f6047f48f183ee3031e53cfbf925de3-dc2d-4cb8-a6cd-5a614a19be7a
                    [history] => Array
                        (
                        )

                    [cookies] => Requests_Cookie_Jar Object
                        (
                            [cookies:protected] => Array
                                (
                                    [TS018765ea] => Requests_Cookie Object
                                        (
                                            [name] => TS018765ea
                                            [value] => 01ed0a5ec2d8c6c075797f07b926632991528146b834dc3f9c7d2758ac4bdb2d749733920c6cade9bffeffab3564ac1474edb3f086
                                            [attributes] => Requests_Utility_CaseInsensitiveDictionary Object
                                                (
                                                    [data:protected] => Array
                                                        (
                                                            [max-age] => 1617299035
                                                            [path] => /
                                                            [domain] => ws.pagseguro.uol.com.br
                                                        )

                                                )

                                            [flags] => Array
                                                (
                                                    [creation] => 1617298535
                                                    [last-access] => 1617298535
                                                    [persistent] => 
                                                    [host-only] => 
                                                )

                                            [reference_time] => 1617298535
                                        )

                                )

                        )

                )

            [filename:protected] => 
            [data] => 
            [headers] => 
            [status] => 
        )

)

04-01-2021 @ 17:35:37 - Requesting session ID...
04-01-2021 @ 17:35:38 - PagSeguro session is valid! The return is: SimpleXMLElement Object
(
    [id] => b3cb64e065b44705ab913577bb697fc7
)

04-01-2021 @ 17:35:38 - Checking IPN request...:Array
(
    [notificationCode] => 3E165E-273EBB3EBBC2-0004244FA95C-9B7307
    [notificationType] => transaction
)

04-01-2021 @ 17:35:39 - PagSeguro IPN is valid! The return is: SimpleXMLElement Object
(
    [date] => 2021-04-01T14:35:33.000-03:00
    [code] => FF731AC6-87B3-446B-A3C1-3F2147B38C3E
    [reference] => WC-11354
    [type] => 1
    [status] => 3
    [lastEventDate] => 2021-04-01T14:35:37.000-03:00
    [paymentMethod] => SimpleXMLElement Object
        (
            [type] => 1
            [code] => 102
        )

    [grossAmount] => 1.50
    [discountAmount] => 0.00
    [feeAmount] => 0.06
    [netAmount] => 1.44
    [extraAmount] => 0.00
    [escrowEndDate] => 2021-04-15T01:00:00.000-03:00
    [installmentCount] => 1
    [itemCount] => 1
    [items] => SimpleXMLElement Object
        (
            [item] => SimpleXMLElement Object
                (
                    [id] => 001
                    [description] => Validação de cartão de crédito
                    [quantity] => 1
                    [amount] => 1.50
                )

        )

    [sender] => SimpleXMLElement Object
        (
            [name] => Alan Diniz
            [email] => alan.diniz@ucp.br
            [phone] => SimpleXMLElement Object
                (
                    [areaCode] => 24
                    [number] => 992323522
                )

        )

    [shipping] => SimpleXMLElement Object
        (
            [address] => SimpleXMLElement Object
                (
                    [street] => Rua dr.bojean
                    [number] => 1042
                    [complement] => SimpleXMLElement Object
                        (
                        )

                    [district] => Esperaança
                    [city] => PETROPOLIS
                    [state] => RJ
                    [country] => BRA
                    [postalCode] => 25615142
                )

            [type] => 3
            [cost] => 0.00
        )

)

04-01-2021 @ 17:35:39 - PagSeguro payment status for order 11354 is: 3
04-01-2021 @ 17:35:39 - $posted_transaction_id (FF731AC687B3446BA3C13F2147B38C3E) and $transaction_id () no not match.
04-01-2021 @ 17:35:40 - Checking IPN request...:Array
(
    [notificationCode] => 4380B0-D061D261D2C6-32249D9F8675-F97887
    [notificationType] => preApproval
)

04-01-2021 @ 17:35:40 - PagSeguro IPN is valid! The return is: SimpleXMLElement Object
(
    [name] => Plano MENSAL
    [code] => 2A7265E6272723E444249FB141EEBDAC
    [date] => 2021-04-01T14:35:32-03:00
    [tracker] => 648579
    [status] => ACTIVE
    [reference] => WC-11354
    [lastEventDate] => 2021-04-01T14:35:39-03:00
    [charge] => MANUAL
    [sender] => SimpleXMLElement Object
        (
            [name] => Alan Diniz
            [email] => alan.diniz@ucp.br
            [phone] => SimpleXMLElement Object
                (
                    [areaCode] => 24
                    [number] => 992323522
                )

            [address] => SimpleXMLElement Object
                (
                    [street] => Rua dr.bojean
                    [number] => 1042
                    [complement] => SimpleXMLElement Object
                        (
                        )

                    [district] => Esperaança
                    [city] => PETROPOLIS
                    [state] => RJ
                    [country] => BRA
                    [postalCode] => 25615142
                )

        )

)

04-01-2021 @ 17:35:40 - PagSeguro preaproval status for subscription 11355 is: ACTIVE
04-01-2021 @ 17:35:42 - Checking IPN request...:Array
(
    [notificationCode] => 4B4090-B8180718071F-177454CFAD7B-47A042
    [notificationType] => transaction
)

04-01-2021 @ 17:35:43 - PagSeguro IPN is valid! The return is: SimpleXMLElement Object
(
    [date] => 2021-04-01T14:35:33.000-03:00
    [code] => FF731AC6-87B3-446B-A3C1-3F2147B38C3E
    [reference] => WC-11354
    [type] => 1
    [status] => 6
    [lastEventDate] => 2021-04-01T14:35:41.000-03:00
    [paymentMethod] => SimpleXMLElement Object
        (
            [type] => 1
            [code] => 102
        )

    [grossAmount] => 1.50
    [discountAmount] => 0.00
    [feeAmount] => 0.06
    [netAmount] => 1.44
    [extraAmount] => 0.00
    [escrowEndDate] => 2021-04-15T01:00:00.000-03:00
    [installmentCount] => 1
    [itemCount] => 1
    [items] => SimpleXMLElement Object
        (
            [item] => SimpleXMLElement Object
                (
                    [id] => 001
                    [description] => Validação de cartão de crédito
                    [quantity] => 1
                    [amount] => 1.50
                )

        )

    [sender] => SimpleXMLElement Object
        (
            [name] => Alan Diniz
            [email] => alan.diniz@ucp.br
            [phone] => SimpleXMLElement Object
                (
                    [areaCode] => 24
                    [number] => 992323522
                )

        )

    [shipping] => SimpleXMLElement Object
        (
            [address] => SimpleXMLElement Object
                (
                    [street] => Rua dr.bojean
                    [number] => 1042
                    [complement] => SimpleXMLElement Object
                        (
                        )

                    [district] => Esperaança
                    [city] => PETROPOLIS
                    [state] => RJ
                    [country] => BRA
                    [postalCode] => 25615142
                )

            [type] => 3
            [cost] => 0.00
        )

)

04-01-2021 @ 17:35:43 - PagSeguro payment status for order 11354 is: 6
04-01-2021 @ 17:35:43 - Making payment for order 11354 with the following data: <?xml version="1.0" encoding="UTF-8" standalone="yes"?>
<payment>
  <preApprovalCode>2A7265E6272723E444249FB141EEBDAC</preApprovalCode>
  <reference><![CDATA[WC-11354]]></reference>
  <senderHash>64e0d4d1d0a018ef246e53b043cf305e90b2b42733782e10da802553c8e8fdcb</senderHash>
  <senderIp>2804:14d:5082:8650:6cd8:596c:3f1a:ad39</senderIp>
  <items>
    <item>
      <id>1</id>
      <description><![CDATA[Plano Mensal - Catão de Crédito teste]]></description>
      <amount>1.00</amount>
      <quantity>1</quantity>
    </item>
  </items>
</payment>

04-01-2021 @ 17:35:45 - Subscription Payment Response: Array
(
    [headers] => Requests_Utility_CaseInsensitiveDictionary Object
        (
            [data:protected] => Array
                (
                    [date] => Thu, 01 Apr 2021 17:35:44 GMT
                    [content-type] => application/vnd.pagseguro.com.br.v3+xml;charset=ISO-8859-1
                    [strict-transport-security] => max-age=31536000
                    [vary] => User-Agent
                    [set-cookie] => TS0136888b=0160ed0a6ca34ac7da9b6643de60c07decab3a7affe4454011da09c0ccf19121725c371cd9eb63053831f36d5b62531f38b1d83d55; Path=/; Domain=.ws.pagseguro.uol.com.br
                )

        )

    [body] => <?xml version="1.0" encoding="ISO-8859-1" standalone="yes"?><result><transactionCode>4EAF50E5AEB149A4A44118E2F0CD3DE1</transactionCode><date>2021-04-01T14:35:45-03:00</date></result>
    [response] => Array
        (
            [code] => 200
            [message] => OK
        )

    [cookies] => Array
        (
            [0] => WP_Http_Cookie Object
                (
                    [name] => TS0136888b
                    [value] => 0160ed0a6ca34ac7da9b6643de60c07decab3a7affe4454011da09c0ccf19121725c371cd9eb63053831f36d5b62531f38b1d83d55
                    [expires] => 
                    [path] => /
                    [domain] => ws.pagseguro.uol.com.br
                    [host_only] => 
                )

        )

    [filename] => 
    [http_response] => WP_HTTP_Requests_Response Object
        (
            [response:protected] => Requests_Response Object
                (
                    [body] => <?xml version="1.0" encoding="ISO-8859-1" standalone="yes"?><result><transactionCode>4EAF50E5AEB149A4A44118E2F0CD3DE1</transactionCode><date>2021-04-01T14:35:45-03:00</date></result>
                    [raw] => HTTP/1.1 200 OK
Date: Thu, 01 Apr 2021 17:35:44 GMT
Content-Type: application/vnd.pagseguro.com.br.v3+xml;charset=ISO-8859-1
Strict-Transport-Security: max-age=31536000
Vary: User-Agent
Connection: close
Set-Cookie: TS0136888b=0160ed0a6ca34ac7da9b6643de60c07decab3a7affe4454011da09c0ccf19121725c371cd9eb63053831f36d5b62531f38b1d83d55; Path=/; Domain=.ws.pagseguro.uol.com.br
Transfer-Encoding: chunked

<?xml version="1.0" encoding="ISO-8859-1" standalone="yes"?><result><transactionCode>4EAF50E5AEB149A4A44118E2F0CD3DE1</transactionCode><date>2021-04-01T14:35:45-03:00</date></result>
                    [headers] => Requests_Response_Headers Object
                        (
                            [data:protected] => Array
                                (
                                    [date] => Array
                                        (
                                            [0] => Thu, 01 Apr 2021 17:35:44 GMT
                                        )

                                    [content-type] => Array
                                        (
                                            [0] => application/vnd.pagseguro.com.br.v3+xml;charset=ISO-8859-1
                                        )

                                    [strict-transport-security] => Array
                                        (
                                            [0] => max-age=31536000
                                        )

                                    [vary] => Array
                                        (
                                            [0] => User-Agent
                                        )

                                    [set-cookie] => Array
                                        (
                                            [0] => TS0136888b=0160ed0a6ca34ac7da9b6643de60c07decab3a7affe4454011da09c0ccf19121725c371cd9eb63053831f36d5b62531f38b1d83d55; Path=/; Domain=.ws.pagseguro.uol.com.br
                                        )

                                )

                        )

                    [status_code] => 200
                    [protocol_version] => 1.1
                    [success] => 1
                    [redirects] => 0
                    [url] => https://ws.pagseguro.uol.com.br/pre-approvals/payment?email=tocattabrasileira@gmail.com&token=2312f36f-2e04-4c80-baf9-31950fd8842f2a0b6f6047f48f183ee3031e53cfbf925de3-dc2d-4cb8-a6cd-5a614a19be7a
                    [history] => Array
                        (
                        )

                    [cookies] => Requests_Cookie_Jar Object
                        (
                            [cookies:protected] => Array
                                (
                                    [TS0136888b] => Requests_Cookie Object
                                        (
                                            [name] => TS0136888b
                                            [value] => 0160ed0a6ca34ac7da9b6643de60c07decab3a7affe4454011da09c0ccf19121725c371cd9eb63053831f36d5b62531f38b1d83d55
                                            [attributes] => Requests_Utility_CaseInsensitiveDictionary Object
                                                (
                                                    [data:protected] => Array
                                                        (
                                                            [path] => /
                                                            [domain] => ws.pagseguro.uol.com.br
                                                        )

                                                )

                                            [flags] => Array
                                                (
                                                    [creation] => 1617298545
                                                    [last-access] => 1617298545
                                                    [persistent] => 
                                                    [host-only] => 
                                                )

                                            [reference_time] => 1617298545
                                        )

                                )

                        )

                )

            [filename:protected] => 
            [data] => 
            [headers] => 
            [status] => 
        )

)

04-01-2021 @ 17:35:45 - Payment added to the plan successfully!
04-01-2021 @ 17:35:45 - PagSeguro payment code for order 11354 is: 4EAF50E5AEB149A4A44118E2F0CD3DE1
04-01-2021 @ 17:35:45 - Processing payment on pending order: 11354. Response:4EAF50E5AEB149A4A44118E2F0CD3DE1
04-01-2021 @ 17:35:47 - Checking IPN request...:Array
(
    [notificationCode] => 603CDD-CF621D621D37-D774F9BF9EC0-1D43F7
    [notificationType] => transaction
)

04-01-2021 @ 17:35:48 - PagSeguro IPN is valid! The return is: SimpleXMLElement Object
(
    [date] => 2021-04-01T14:35:43.000-03:00
    [code] => 4EAF50E5-AEB1-49A4-A441-18E2F0CD3DE1
    [reference] => WC-11354
    [type] => 11
    [status] => 3
    [lastEventDate] => 2021-04-01T14:35:46.000-03:00
    [paymentMethod] => SimpleXMLElement Object
        (
            [type] => 1
            [code] => 102
        )

    [grossAmount] => 1.00
    [discountAmount] => 0.00
    [feeAmount] => 0.04
    [netAmount] => 0.96
    [escrowEndDate] => 2021-04-15T01:00:00.000-03:00
    [installmentCount] => 1
    [itemCount] => 1
    [items] => SimpleXMLElement Object
        (
            [item] => SimpleXMLElement Object
                (
                    [id] => 1
                    [description] => Plano Mensal - Catão de Crédito teste
                    [quantity] => 1
                    [amount] => 1.00
                )

        )

    [sender] => SimpleXMLElement Object
        (
            [name] => Alan Diniz
            [email] => alan.diniz@ucp.br
            [phone] => SimpleXMLElement Object
                (
                    [areaCode] => 24
                    [number] => 992323522
                )

        )

    [shipping] => SimpleXMLElement Object
        (
            [address] => SimpleXMLElement Object
                (
                    [street] => Rua dr.bojean
                    [number] => 1042
                    [complement] => SimpleXMLElement Object
                        (
                        )

                    [district] => Esperaança
                    [city] => PETROPOLIS
                    [state] => RJ
                    [country] => BRA
                    [postalCode] => 25615142
                )

            [type] => 3
            [cost] => 0.00
        )

)

04-01-2021 @ 17:35:48 - PagSeguro payment status for order 11354 is: 3
04-01-2021 @ 17:54:17 - Requesting session ID...
04-01-2021 @ 17:54:18 - PagSeguro session is valid! The return is: SimpleXMLElement Object
(
    [id] => 1df77a75a0bd4f12ac08018510817dd1
)

04-01-2021 @ 17:55:41 - Adding customer to plan: <?xml version="1.0" encoding="UTF-8" standalone="yes"?>
<directPreApproval>
  <plan>5E53B09E8989B167746BAF9007EB351F</plan>
  <reference><![CDATA[WC-11356]]></reference>
  <sender>
    <email><![CDATA[jpgomes1994@gmail.com]]></email>
    <documents>
      <document>
        <type>CPF</type>
        <value>16656671764</value>
      </document>
    </documents>
    <name><![CDATA[João Pedro Gomes Silva]]></name>
    <phone>
      <areaCode>24</areaCode>
      <number>992790831</number>
    </phone>
    <hash>73ccfa15c62fb49e3993976e8207457d41d0716fa0bb0a51bea058dd4863c368</hash>
    <ip>177.131.176.35</ip>
    <address>
      <street><![CDATA[Vila Jacob Kling]]></street>
      <number>151</number>
      <complement><![CDATA[151]]></complement>
      <district><![CDATA[Centro]]></district>
      <postalCode>25680000</postalCode>
      <city><![CDATA[Petrópolis]]></city>
      <state>RJ</state>
      <country>BRA</country>
    </address>
  </sender>
  <paymentMethod>
    <type>CREDITCARD</type>
    <creditCard>
      <token>7205e702d6354501a057f2f2d79c814b</token>
      <holder>
        <name><![CDATA[João Pedro Gomes Silva]]></name>
        <document>
          <type>CPF</type>
          <value>16656671764</value>
        </document>
        <birthDate>26/11/1994</birthDate>
        <phone>
          <areaCode>24</areaCode>
          <number>992790831</number>
        </phone>
      </holder>
      <address>
        <street><![CDATA[Vila Jacob Kling]]></street>
        <number>151</number>
        <complement><![CDATA[151]]></complement>
        <district><![CDATA[Centro]]></district>
        <city><![CDATA[Petrópolis]]></city>
        <state>RJ</state>
        <country>BRA</country>
        <postalCode>25680000</postalCode>
      </address>
    </creditCard>
  </paymentMethod>
</directPreApproval>

04-01-2021 @ 17:55:43 - Customer added to plan successfuly: Array
(
    [headers] => Requests_Utility_CaseInsensitiveDictionary Object
        (
            [data:protected] => Array
                (
                    [date] => Thu, 01 Apr 2021 17:55:43 GMT
                    [content-type] => application/vnd.pagseguro.com.br.v3+xml;charset=ISO-8859-1
                    [strict-transport-security] => max-age=31536000
                    [vary] => User-Agent
                    [set-cookie] => TS0136888b=0160ed0a6c43e4966e26dd14156cf2dd5e26b149026d4277f2793ef7a4608f82fdb25bb3b498e44090b27f05f5b93f4dd6250fa599; Path=/; Domain=.ws.pagseguro.uol.com.br
                )

        )

    [body] => <?xml version="1.0" encoding="ISO-8859-1" standalone="yes"?><directPreApproval><code>9DBAD7439797AAEDD40DCF8D5EC10404</code></directPreApproval>
    [response] => Array
        (
            [code] => 200
            [message] => OK
        )

    [cookies] => Array
        (
            [0] => WP_Http_Cookie Object
                (
                    [name] => TS0136888b
                    [value] => 0160ed0a6c43e4966e26dd14156cf2dd5e26b149026d4277f2793ef7a4608f82fdb25bb3b498e44090b27f05f5b93f4dd6250fa599
                    [expires] => 
                    [path] => /
                    [domain] => ws.pagseguro.uol.com.br
                    [host_only] => 
                )

        )

    [filename] => 
    [http_response] => WP_HTTP_Requests_Response Object
        (
            [response:protected] => Requests_Response Object
                (
                    [body] => <?xml version="1.0" encoding="ISO-8859-1" standalone="yes"?><directPreApproval><code>9DBAD7439797AAEDD40DCF8D5EC10404</code></directPreApproval>
                    [raw] => HTTP/1.1 200 OK
Date: Thu, 01 Apr 2021 17:55:43 GMT
Content-Type: application/vnd.pagseguro.com.br.v3+xml;charset=ISO-8859-1
Strict-Transport-Security: max-age=31536000
Vary: User-Agent
Connection: close
Set-Cookie: TS0136888b=0160ed0a6c43e4966e26dd14156cf2dd5e26b149026d4277f2793ef7a4608f82fdb25bb3b498e44090b27f05f5b93f4dd6250fa599; Path=/; Domain=.ws.pagseguro.uol.com.br
Transfer-Encoding: chunked

<?xml version="1.0" encoding="ISO-8859-1" standalone="yes"?><directPreApproval><code>9DBAD7439797AAEDD40DCF8D5EC10404</code></directPreApproval>
                    [headers] => Requests_Response_Headers Object
                        (
                            [data:protected] => Array
                                (
                                    [date] => Array
                                        (
                                            [0] => Thu, 01 Apr 2021 17:55:43 GMT
                                        )

                                    [content-type] => Array
                                        (
                                            [0] => application/vnd.pagseguro.com.br.v3+xml;charset=ISO-8859-1
                                        )

                                    [strict-transport-security] => Array
                                        (
                                            [0] => max-age=31536000
                                        )

                                    [vary] => Array
                                        (
                                            [0] => User-Agent
                                        )

                                    [set-cookie] => Array
                                        (
                                            [0] => TS0136888b=0160ed0a6c43e4966e26dd14156cf2dd5e26b149026d4277f2793ef7a4608f82fdb25bb3b498e44090b27f05f5b93f4dd6250fa599; Path=/; Domain=.ws.pagseguro.uol.com.br
                                        )

                                )

                        )

                    [status_code] => 200
                    [protocol_version] => 1.1
                    [success] => 1
                    [redirects] => 0
                    [url] => https://ws.pagseguro.uol.com.br/pre-approvals?email=tocattabrasileira@gmail.com&token=2312f36f-2e04-4c80-baf9-31950fd8842f2a0b6f6047f48f183ee3031e53cfbf925de3-dc2d-4cb8-a6cd-5a614a19be7a
                    [history] => Array
                        (
                        )

                    [cookies] => Requests_Cookie_Jar Object
                        (
                            [cookies:protected] => Array
                                (
                                    [TS0136888b] => Requests_Cookie Object
                                        (
                                            [name] => TS0136888b
                                            [value] => 0160ed0a6c43e4966e26dd14156cf2dd5e26b149026d4277f2793ef7a4608f82fdb25bb3b498e44090b27f05f5b93f4dd6250fa599
                                            [attributes] => Requests_Utility_CaseInsensitiveDictionary Object
                                                (
                                                    [data:protected] => Array
                                                        (
                                                            [path] => /
                                                            [domain] => ws.pagseguro.uol.com.br
                                                        )

                                                )

                                            [flags] => Array
                                                (
                                                    [creation] => 1617299743
                                                    [last-access] => 1617299743
                                                    [persistent] => 
                                                    [host-only] => 
                                                )

                                            [reference_time] => 1617299743
                                        )

                                )

                        )

                )

            [filename:protected] => 
            [data] => 
            [headers] => 
            [status] => 
        )

)

04-01-2021 @ 17:55:45 - Requesting session ID...
04-01-2021 @ 17:55:45 - PagSeguro session is valid! The return is: SimpleXMLElement Object
(
    [id] => 85551d756aae400a9891a8cf5a380c8c
)

04-01-2021 @ 17:55:46 - Checking IPN request...:Array
(
    [notificationCode] => AA1D70-4FA5FBA5FB61-4774DC1FBB88-173BBF
    [notificationType] => transaction
)

04-01-2021 @ 17:55:46 - Checking IPN request...:Array
(
    [notificationCode] => ABD371-3C5E355E35DD-32249B3FBBC8-6CD67E
    [notificationType] => preApproval
)

04-01-2021 @ 17:55:46 - PagSeguro IPN is valid! The return is: SimpleXMLElement Object
(
    [date] => 2021-04-01T14:55:42.000-03:00
    [code] => C7BD9A29-C4AD-4EF7-8E8F-E6C4DC4FB493
    [reference] => WC-11356
    [type] => 1
    [status] => 3
    [lastEventDate] => 2021-04-01T14:55:45.000-03:00
    [paymentMethod] => SimpleXMLElement Object
        (
            [type] => 1
            [code] => 107
        )

    [grossAmount] => 1.50
    [discountAmount] => 0.00
    [feeAmount] => 0.06
    [netAmount] => 1.44
    [extraAmount] => 0.00
    [escrowEndDate] => 2021-04-15T01:00:00.000-03:00
    [installmentCount] => 1
    [itemCount] => 1
    [items] => SimpleXMLElement Object
        (
            [item] => SimpleXMLElement Object
                (
                    [id] => 001
                    [description] => Validação de cartão de crédito
                    [quantity] => 1
                    [amount] => 1.50
                )

        )

    [sender] => SimpleXMLElement Object
        (
            [name] => João Pedro Gomes Silva
            [email] => jpgomes1994@gmail.com
            [phone] => SimpleXMLElement Object
                (
                    [areaCode] => 24
                    [number] => 992790831
                )

        )

    [shipping] => SimpleXMLElement Object
        (
            [address] => SimpleXMLElement Object
                (
                    [street] => Vila Jacob Kling
                    [number] => 151
                    [complement] => 151
                    [district] => Centro
                    [city] => Petrópolis
                    [state] => RJ
                    [country] => BRA
                    [postalCode] => 25680000
                )

            [type] => 3
            [cost] => 0.00
        )

)

04-01-2021 @ 17:55:46 - PagSeguro payment status for order 11356 is: 3
04-01-2021 @ 17:55:46 - $posted_transaction_id (C7BD9A29C4AD4EF78E8FE6C4DC4FB493) and $transaction_id () no not match.
04-01-2021 @ 17:55:47 - PagSeguro IPN is valid! The return is: SimpleXMLElement Object
(
    [name] => Plano MENSAL
    [code] => 9DBAD7439797AAEDD40DCF8D5EC10404
    [date] => 2021-04-01T14:55:42-03:00
    [tracker] => F39C5B
    [status] => ACTIVE
    [reference] => WC-11356
    [lastEventDate] => 2021-04-01T14:55:45-03:00
    [charge] => MANUAL
    [sender] => SimpleXMLElement Object
        (
            [name] => João Pedro Gomes Silva
            [email] => jpgomes1994@gmail.com
            [phone] => SimpleXMLElement Object
                (
                    [areaCode] => 24
                    [number] => 992790831
                )

            [address] => SimpleXMLElement Object
                (
                    [street] => Vila Jacob Kling
                    [number] => 151
                    [complement] => 151
                    [district] => Centro
                    [city] => Petrópolis
                    [state] => RJ
                    [country] => BRA
                    [postalCode] => 25680000
                )

        )

)

04-01-2021 @ 17:55:47 - PagSeguro preaproval status for subscription 11357 is: ACTIVE
04-01-2021 @ 17:55:48 - Checking IPN request...:Array
(
    [notificationCode] => B1C738-C0521252126E-4CC4B62FB799-7574CD
    [notificationType] => transaction
)

04-01-2021 @ 17:55:48 - PagSeguro IPN is valid! The return is: SimpleXMLElement Object
(
    [date] => 2021-04-01T14:55:42.000-03:00
    [code] => C7BD9A29-C4AD-4EF7-8E8F-E6C4DC4FB493
    [reference] => WC-11356
    [type] => 1
    [status] => 6
    [lastEventDate] => 2021-04-01T14:55:47.000-03:00
    [paymentMethod] => SimpleXMLElement Object
        (
            [type] => 1
            [code] => 107
        )

    [grossAmount] => 1.50
    [discountAmount] => 0.00
    [feeAmount] => 0.06
    [netAmount] => 1.44
    [extraAmount] => 0.00
    [escrowEndDate] => 2021-04-15T01:00:00.000-03:00
    [installmentCount] => 1
    [itemCount] => 1
    [items] => SimpleXMLElement Object
        (
            [item] => SimpleXMLElement Object
                (
                    [id] => 001
                    [description] => Validação de cartão de crédito
                    [quantity] => 1
                    [amount] => 1.50
                )

        )

    [sender] => SimpleXMLElement Object
        (
            [name] => João Pedro Gomes Silva
            [email] => jpgomes1994@gmail.com
            [phone] => SimpleXMLElement Object
                (
                    [areaCode] => 24
                    [number] => 992790831
                )

        )

    [shipping] => SimpleXMLElement Object
        (
            [address] => SimpleXMLElement Object
                (
                    [street] => Vila Jacob Kling
                    [number] => 151
                    [complement] => 151
                    [district] => Centro
                    [city] => Petrópolis
                    [state] => RJ
                    [country] => BRA
                    [postalCode] => 25680000
                )

            [type] => 3
            [cost] => 0.00
        )

)

04-01-2021 @ 17:55:48 - PagSeguro payment status for order 11356 is: 6
04-01-2021 @ 17:55:48 - Making payment for order 11356 with the following data: <?xml version="1.0" encoding="UTF-8" standalone="yes"?>
<payment>
  <preApprovalCode>9DBAD7439797AAEDD40DCF8D5EC10404</preApprovalCode>
  <reference><![CDATA[WC-11356]]></reference>
  <senderHash>73ccfa15c62fb49e3993976e8207457d41d0716fa0bb0a51bea058dd4863c368</senderHash>
  <senderIp>177.131.176.35</senderIp>
  <items>
    <item>
      <id>1</id>
      <description><![CDATA[Plano Mensal - Catão de Crédito]]></description>
      <amount>34.99</amount>
      <quantity>1</quantity>
    </item>
  </items>
</payment>

04-01-2021 @ 17:55:52 - Subscription Payment Response: Array
(
    [headers] => Requests_Utility_CaseInsensitiveDictionary Object
        (
            [data:protected] => Array
                (
                    [date] => Thu, 01 Apr 2021 17:55:51 GMT
                    [content-type] => application/vnd.pagseguro.com.br.v3+xml;charset=ISO-8859-1
                    [strict-transport-security] => max-age=31536000
                    [vary] => User-Agent
                    [set-cookie] => TS018765ea=01ed0a5ec237a29daabdac2780b8cc714215c4af243a2d484255b5e8164ee869f08345b639c563194fa44c4c9651ce82eae7480e2a; Max-Age=500; Path=/; Domain=.ws.pagseguro.uol.com.br
                )

        )

    [body] => <?xml version="1.0" encoding="ISO-8859-1" standalone="yes"?><result><transactionCode>C69693CCA3764F0B9C6E7FD87CC82932</transactionCode><date>2021-04-01T14:55:52-03:00</date></result>
    [response] => Array
        (
            [code] => 200
            [message] => OK
        )

    [cookies] => Array
        (
            [0] => WP_Http_Cookie Object
                (
                    [name] => TS018765ea
                    [value] => 01ed0a5ec237a29daabdac2780b8cc714215c4af243a2d484255b5e8164ee869f08345b639c563194fa44c4c9651ce82eae7480e2a
                    [expires] => 
                    [path] => /
                    [domain] => ws.pagseguro.uol.com.br
                    [host_only] => 
                )

        )

    [filename] => 
    [http_response] => WP_HTTP_Requests_Response Object
        (
            [response:protected] => Requests_Response Object
                (
                    [body] => <?xml version="1.0" encoding="ISO-8859-1" standalone="yes"?><result><transactionCode>C69693CCA3764F0B9C6E7FD87CC82932</transactionCode><date>2021-04-01T14:55:52-03:00</date></result>
                    [raw] => HTTP/1.1 200 OK
Date: Thu, 01 Apr 2021 17:55:51 GMT
Content-Type: application/vnd.pagseguro.com.br.v3+xml;charset=ISO-8859-1
Strict-Transport-Security: max-age=31536000
Vary: User-Agent
Connection: close
Set-Cookie: TS018765ea=01ed0a5ec237a29daabdac2780b8cc714215c4af243a2d484255b5e8164ee869f08345b639c563194fa44c4c9651ce82eae7480e2a; Max-Age=500; Path=/; Domain=.ws.pagseguro.uol.com.br
Transfer-Encoding: chunked

<?xml version="1.0" encoding="ISO-8859-1" standalone="yes"?><result><transactionCode>C69693CCA3764F0B9C6E7FD87CC82932</transactionCode><date>2021-04-01T14:55:52-03:00</date></result>
                    [headers] => Requests_Response_Headers Object
                        (
                            [data:protected] => Array
                                (
                                    [date] => Array
                                        (
                                            [0] => Thu, 01 Apr 2021 17:55:51 GMT
                                        )

                                    [content-type] => Array
                                        (
                                            [0] => application/vnd.pagseguro.com.br.v3+xml;charset=ISO-8859-1
                                        )

                                    [strict-transport-security] => Array
                                        (
                                            [0] => max-age=31536000
                                        )

                                    [vary] => Array
                                        (
                                            [0] => User-Agent
                                        )

                                    [set-cookie] => Array
                                        (
                                            [0] => TS018765ea=01ed0a5ec237a29daabdac2780b8cc714215c4af243a2d484255b5e8164ee869f08345b639c563194fa44c4c9651ce82eae7480e2a; Max-Age=500; Path=/; Domain=.ws.pagseguro.uol.com.br
                                        )

                                )

                        )

                    [status_code] => 200
                    [protocol_version] => 1.1
                    [success] => 1
                    [redirects] => 0
                    [url] => https://ws.pagseguro.uol.com.br/pre-approvals/payment?email=tocattabrasileira@gmail.com&token=2312f36f-2e04-4c80-baf9-31950fd8842f2a0b6f6047f48f183ee3031e53cfbf925de3-dc2d-4cb8-a6cd-5a614a19be7a
                    [history] => Array
                        (
                        )

                    [cookies] => Requests_Cookie_Jar Object
                        (
                            [cookies:protected] => Array
                                (
                                    [TS018765ea] => Requests_Cookie Object
                                        (
                                            [name] => TS018765ea
                                            [value] => 01ed0a5ec237a29daabdac2780b8cc714215c4af243a2d484255b5e8164ee869f08345b639c563194fa44c4c9651ce82eae7480e2a
                                            [attributes] => Requests_Utility_CaseInsensitiveDictionary Object
                                                (
                                                    [data:protected] => Array
                                                        (
                                                            [max-age] => 1617300252
                                                            [path] => /
                                                            [domain] => ws.pagseguro.uol.com.br
                                                        )

                                                )

                                            [flags] => Array
                                                (
                                                    [creation] => 1617299752
                                                    [last-access] => 1617299752
                                                    [persistent] => 
                                                    [host-only] => 
                                                )

                                            [reference_time] => 1617299752
                                        )

                                )

                        )

                )

            [filename:protected] => 
            [data] => 
            [headers] => 
            [status] => 
        )

)

04-01-2021 @ 17:55:52 - Payment added to the plan successfully!
04-01-2021 @ 17:55:52 - PagSeguro payment code for order 11356 is: C69693CCA3764F0B9C6E7FD87CC82932
04-01-2021 @ 17:55:52 - Processing payment on pending order: 11356. Response:C69693CCA3764F0B9C6E7FD87CC82932
04-01-2021 @ 17:55:54 - Checking IPN request...:Array
(
    [notificationCode] => C9D9BB-E0899D899DCA-FCC4000FB4CC-849A07
    [notificationType] => transaction
)

04-01-2021 @ 17:55:55 - PagSeguro IPN is valid! The return is: SimpleXMLElement Object
(
    [date] => 2021-04-01T14:55:49.000-03:00
    [code] => C69693CC-A376-4F0B-9C6E-7FD87CC82932
    [reference] => WC-11356
    [type] => 11
    [status] => 3
    [lastEventDate] => 2021-04-01T14:55:53.000-03:00
    [paymentMethod] => SimpleXMLElement Object
        (
            [type] => 1
            [code] => 107
        )

    [grossAmount] => 34.99
    [discountAmount] => 0.00
    [feeAmount] => 1.40
    [netAmount] => 33.59
    [escrowEndDate] => 2021-04-15T01:00:00.000-03:00
    [installmentCount] => 1
    [itemCount] => 1
    [items] => SimpleXMLElement Object
        (
            [item] => SimpleXMLElement Object
                (
                    [id] => 1
                    [description] => Plano Mensal - Catão de Crédito
                    [quantity] => 1
                    [amount] => 34.99
                )

        )

    [sender] => SimpleXMLElement Object
        (
            [name] => João Pedro Gomes Silva
            [email] => jpgomes1994@gmail.com
            [phone] => SimpleXMLElement Object
                (
                    [areaCode] => 24
                    [number] => 992790831
                )

        )

    [shipping] => SimpleXMLElement Object
        (
            [address] => SimpleXMLElement Object
                (
                    [street] => Vila Jacob Kling
                    [number] => 151
                    [complement] => 151
                    [district] => Centro
                    [city] => Petrópolis
                    [state] => RJ
                    [country] => BRA
                    [postalCode] => 25680000
                )

            [type] => 3
            [cost] => 0.00
        )

)

04-01-2021 @ 17:55:55 - PagSeguro payment status for order 11356 is: 3
04-01-2021 @ 18:12:45 - Cancelling Subscription (9DBAD7439797AAEDD40DCF8D5EC10404) for order: 11357
04-01-2021 @ 18:12:46 - Checking IPN request...:Array
(
    [notificationCode] => 3CE6D7-0B2380238042-8554746FBE1A-4C9781
    [notificationType] => preApproval
)

04-01-2021 @ 18:12:47 - PagSeguro IPN is valid! The return is: SimpleXMLElement Object
(
    [name] => Plano MENSAL
    [code] => 9DBAD7439797AAEDD40DCF8D5EC10404
    [date] => 2021-04-01T14:55:42-03:00
    [tracker] => F39C5B
    [status] => CANCELLED_BY_RECEIVER
    [reference] => WC-11356
    [lastEventDate] => 2021-04-01T15:12:45-03:00
    [charge] => MANUAL
    [sender] => SimpleXMLElement Object
        (
            [name] => João Pedro Gomes Silva
            [email] => jpgomes1994@gmail.com
            [phone] => SimpleXMLElement Object
                (
                    [areaCode] => 24
                    [number] => 992790831
                )

            [address] => SimpleXMLElement Object
                (
                    [street] => Vila Jacob Kling
                    [number] => 151
                    [complement] => 151
                    [district] => Centro
                    [city] => Petrópolis
                    [state] => RJ
                    [country] => BRA
                    [postalCode] => 25680000
                )

        )

)

04-01-2021 @ 18:12:47 - PagSeguro preaproval status for subscription 11357 is: CANCELLED_BY_RECEIVER
04-01-2021 @ 18:13:02 - Cancelling Subscription (2A7265E6272723E444249FB141EEBDAC) for order: 11355
04-01-2021 @ 18:13:03 - Checking IPN request...:Array
(
    [notificationCode] => 7F8EB1-D96626662637-4FF48B2F843D-9B9F54
    [notificationType] => preApproval
)

04-01-2021 @ 18:13:04 - PagSeguro IPN is valid! The return is: SimpleXMLElement Object
(
    [name] => Plano MENSAL
    [code] => 2A7265E6272723E444249FB141EEBDAC
    [date] => 2021-04-01T14:35:32-03:00
    [tracker] => 648579
    [status] => CANCELLED_BY_RECEIVER
    [reference] => WC-11354
    [lastEventDate] => 2021-04-01T15:13:02-03:00
    [charge] => MANUAL
    [sender] => SimpleXMLElement Object
        (
            [name] => Alan Diniz
            [email] => alan.diniz@ucp.br
            [phone] => SimpleXMLElement Object
                (
                    [areaCode] => 24
                    [number] => 992323522
                )

            [address] => SimpleXMLElement Object
                (
                    [street] => Rua dr.bojean
                    [number] => 1042
                    [complement] => SimpleXMLElement Object
                        (
                        )

                    [district] => Esperaança
                    [city] => PETROPOLIS
                    [state] => RJ
                    [country] => BRA
                    [postalCode] => 25615142
                )

        )

)

04-01-2021 @ 18:13:04 - PagSeguro preaproval status for subscription 11355 is: CANCELLED_BY_RECEIVER
