04-03-2021 @ 04:05:21 - Checking IPN request...:Array
(
    [notificationCode] => 08B198-881373137303-8CC4A1DF9EC9-71CCE3
    [notificationType] => transaction
)

04-03-2021 @ 04:05:22 - PagSeguro IPN is valid! The return is: SimpleXMLElement Object
(
    [date] => 2021-03-20T00:05:00.000-03:00
    [code] => 1F308065-1C3E-4108-9ED4-F0B73CFB13C0
    [reference] => WC-11231
    [type] => 1
    [status] => 4
    [lastEventDate] => 2021-04-03T01:05:15.000-03:00
    [paymentMethod] => SimpleXMLElement Object
        (
            [type] => 1
            [code] => 101
        )

    [grossAmount] => 1.50
    [discountAmount] => 0.00
    [feeAmount] => 0.06
    [netAmount] => 1.44
    [extraAmount] => 0.00
    [escrowEndDate] => 2021-04-03T01:00:00.000-03:00
    [installmentCount] => 1
    [itemCount] => 1
    [items] => SimpleXMLElement Object
        (
            [item] => SimpleXMLElement Object
                (
                    [id] => 001
                    [description] => Validação de cartão de crédito
                    [quantity] => 1
                    [amount] => 1.50
                )

        )

    [sender] => SimpleXMLElement Object
        (
            [name] => Julio Junior
            [email] => juliusjr@gmail.com
            [phone] => SimpleXMLElement Object
                (
                    [areaCode] => 61
                    [number] => 985981539
                )

        )

    [shipping] => SimpleXMLElement Object
        (
            [address] => SimpleXMLElement Object
                (
                    [street] => CLN 214, Bloco A
                    [number] => 209
                    [complement] => SimpleXMLElement Object
                        (
                        )

                    [district] => Asa Norte
                    [city] => Brasília
                    [state] => DF
                    [country] => BRA
                    [postalCode] => 70873510
                )

            [type] => 3
            [cost] => 0.00
        )

)

04-03-2021 @ 04:05:22 - PagSeguro payment status for order 11231 is: 4
04-03-2021 @ 04:05:22 - $posted_transaction_id (1F3080651C3E41089ED4F0B73CFB13C0) and $transaction_id () no not match.
04-03-2021 @ 04:40:27 - Checking IPN request...:Array
(
    [notificationCode] => 36B258-15D007D00711-CFF498CF8341-8562EF
    [notificationType] => transaction
)

04-03-2021 @ 04:40:28 - PagSeguro IPN is valid! The return is: SimpleXMLElement Object
(
    [date] => 2021-03-19T22:25:18.000-03:00
    [code] => D4C7CDC1-E5D9-483C-9EA2-A392E71ED07E
    [reference] => 9027a676-3355-444f-80e4-e24810a70c34
    [type] => 1
    [status] => 4
    [lastEventDate] => 2021-04-03T01:40:23.000-03:00
    [paymentMethod] => SimpleXMLElement Object
        (
            [type] => 2
            [code] => 202
        )

    [paymentLink] => https://pagseguro.uol.com.br/checkout/payment/booklet/print.jhtml?c=48b4bbb20d2a9594b8252961b2e2ca6a21528397069ab6facf063ac4ca6a4fea822c2f9afec31294
    [grossAmount] => 34.99
    [discountAmount] => 0.00
    [feeAmount] => 1.40
    [netAmount] => 33.59
    [extraAmount] => 0.00
    [escrowEndDate] => 2021-04-03T01:00:00.000-03:00
    [installmentCount] => 1
    [itemCount] => 1
    [items] => SimpleXMLElement Object
        (
            [item] => SimpleXMLElement Object
                (
                    [id] => 1
                    [description] => tocata mensal
                    [quantity] => 1
                    [amount] => 34.99
                )

        )

    [sender] => SimpleXMLElement Object
        (
            [name] => Paulo Cesar Paiva rego junior 
            [email] => casaverdeturismo@outlook.com
            [phone] => SimpleXMLElement Object
                (
                    [areaCode] => 21
                    [number] => 992202392
                )

        )

)

04-03-2021 @ 12:48:26 - Requesting session ID...
04-03-2021 @ 12:48:26 - WP_Error requesting session ID: cURL error 56: OpenSSL SSL_read: Connection reset by peer, errno 104
04-03-2021 @ 12:48:26 - Session Response: WP_Error Object
(
    [errors] => Array
        (
            [http_request_failed] => Array
                (
                    [0] => cURL error 56: OpenSSL SSL_read: Connection reset by peer, errno 104
                )

        )

    [error_data] => Array
        (
        )

    [additional_data:protected] => Array
        (
        )

)

04-03-2021 @ 12:50:18 - Requesting session ID...
04-03-2021 @ 12:50:19 - Session Response: Array
(
    [headers] => Requests_Utility_CaseInsensitiveDictionary Object
        (
            [data:protected] => Array
                (
                    [date] => Sat, 03 Apr 2021 12:44:30 GMT
                    [content-type] => text/plain;charset=ISO-8859-1
                    [content-length] => 21
                    [strict-transport-security] => max-age=31536000
                    [vary] => User-Agent
                    [set-cookie] => TS018765ea=01ed0a5ec2a2259ff894dda0ad53eb22a129db354de95620abb44a77b9779a1294c87c03849fabfdd478b4ac23dcda1ab350cc5775; Max-Age=500; Path=/; Domain=.ws.pagseguro.uol.com.br
                )

        )

    [body] => Internal Server Error
    [response] => Array
        (
            [code] => 500
            [message] => Internal Server Error
        )

    [cookies] => Array
        (
            [0] => WP_Http_Cookie Object
                (
                    [name] => TS018765ea
                    [value] => 01ed0a5ec2a2259ff894dda0ad53eb22a129db354de95620abb44a77b9779a1294c87c03849fabfdd478b4ac23dcda1ab350cc5775
                    [expires] => 
                    [path] => /
                    [domain] => ws.pagseguro.uol.com.br
                    [host_only] => 
                )

        )

    [filename] => 
    [http_response] => WP_HTTP_Requests_Response Object
        (
            [response:protected] => Requests_Response Object
                (
                    [body] => Internal Server Error
                    [raw] => HTTP/1.1 500 Internal Server Error
Date: Sat, 03 Apr 2021 12:44:30 GMT
Content-Type: text/plain;charset=ISO-8859-1
Content-Length: 21
Strict-Transport-Security: max-age=31536000
Vary: User-Agent
Connection: close
Set-Cookie: TS018765ea=01ed0a5ec2a2259ff894dda0ad53eb22a129db354de95620abb44a77b9779a1294c87c03849fabfdd478b4ac23dcda1ab350cc5775; Max-Age=500; Path=/; Domain=.ws.pagseguro.uol.com.br

Internal Server Error
                    [headers] => Requests_Response_Headers Object
                        (
                            [data:protected] => Array
                                (
                                    [date] => Array
                                        (
                                            [0] => Sat, 03 Apr 2021 12:44:30 GMT
                                        )

                                    [content-type] => Array
                                        (
                                            [0] => text/plain;charset=ISO-8859-1
                                        )

                                    [content-length] => Array
                                        (
                                            [0] => 21
                                        )

                                    [strict-transport-security] => Array
                                        (
                                            [0] => max-age=31536000
                                        )

                                    [vary] => Array
                                        (
                                            [0] => User-Agent
                                        )

                                    [set-cookie] => Array
                                        (
                                            [0] => TS018765ea=01ed0a5ec2a2259ff894dda0ad53eb22a129db354de95620abb44a77b9779a1294c87c03849fabfdd478b4ac23dcda1ab350cc5775; Max-Age=500; Path=/; Domain=.ws.pagseguro.uol.com.br
                                        )

                                )

                        )

                    [status_code] => 500
                    [protocol_version] => 1.1
                    [success] => 
                    [redirects] => 0
                    [url] => https://ws.pagseguro.uol.com.br/v2/sessions?email=tocattabrasileira@gmail.com&token=2312f36f-2e04-4c80-baf9-31950fd8842f2a0b6f6047f48f183ee3031e53cfbf925de3-dc2d-4cb8-a6cd-5a614a19be7a
                    [history] => Array
                        (
                        )

                    [cookies] => Requests_Cookie_Jar Object
                        (
                            [cookies:protected] => Array
                                (
                                    [TS018765ea] => Requests_Cookie Object
                                        (
                                            [name] => TS018765ea
                                            [value] => 01ed0a5ec2a2259ff894dda0ad53eb22a129db354de95620abb44a77b9779a1294c87c03849fabfdd478b4ac23dcda1ab350cc5775
                                            [attributes] => Requests_Utility_CaseInsensitiveDictionary Object
                                                (
                                                    [data:protected] => Array
                                                        (
                                                            [max-age] => 1617454719
                                                            [path] => /
                                                            [domain] => ws.pagseguro.uol.com.br
                                                        )

                                                )

                                            [flags] => Array
                                                (
                                                    [creation] => 1617454219
                                                    [last-access] => 1617454219
                                                    [persistent] => 
                                                    [host-only] => 
                                                )

                                            [reference_time] => 1617454219
                                        )

                                )

                        )

                )

            [filename:protected] => 
            [data] => 
            [headers] => 
            [status] => 
        )

)

04-03-2021 @ 12:50:37 - Requesting session ID...
04-03-2021 @ 12:50:38 - PagSeguro session is valid! The return is: SimpleXMLElement Object
(
    [id] => beafa6be9ea541529c765497d287d0df
)

04-03-2021 @ 12:54:24 - Adding customer to plan: <?xml version="1.0" encoding="UTF-8" standalone="yes"?>
<directPreApproval>
  <plan>5E53B09E8989B167746BAF9007EB351F</plan>
  <reference><![CDATA[WC-11368]]></reference>
  <sender>
    <email><![CDATA[jn_thiago@hotmail.com]]></email>
    <documents>
      <document>
        <type>CPF</type>
        <value>37208735875</value>
      </document>
    </documents>
    <name><![CDATA[Thiago Costa]]></name>
    <phone>
      <areaCode>11</areaCode>
      <number>986805442</number>
    </phone>
    <hash>b246be440e158a51e27e70cb730c53eb2877ce5d860a3c38a4f34c6026c11281</hash>
    <ip>45.225.243.166</ip>
    <address>
      <street><![CDATA[Ladeira das Virgens]]></street>
      <number>26</number>
      <district><![CDATA[Centro]]></district>
      <postalCode>44200000</postalCode>
      <city><![CDATA[Santo Amaro]]></city>
      <state>BA</state>
      <country>BRA</country>
    </address>
  </sender>
  <paymentMethod>
    <type>CREDITCARD</type>
    <creditCard>
      <token>8d79fe3b1d944565a0eb954cbc9e61b5</token>
      <holder>
        <name><![CDATA[mirian sebastiana trancoso rossoni costa]]></name>
        <document>
          <type>CPF</type>
          <value>37208735875</value>
        </document>
        <birthDate>14/10/1991</birthDate>
        <phone>
          <areaCode>11</areaCode>
          <number>986805442</number>
        </phone>
      </holder>
      <address>
        <street><![CDATA[Ladeira das Virgens]]></street>
        <number>26</number>
        <district><![CDATA[Centro]]></district>
        <city><![CDATA[Santo Amaro]]></city>
        <state>BA</state>
        <country>BRA</country>
        <postalCode>44200000</postalCode>
      </address>
    </creditCard>
  </paymentMethod>
</directPreApproval>

04-03-2021 @ 12:54:29 - Customer added to plan successfuly: Array
(
    [headers] => Requests_Utility_CaseInsensitiveDictionary Object
        (
            [data:protected] => Array
                (
                    [date] => Sat, 03 Apr 2021 12:54:29 GMT
                    [content-type] => application/vnd.pagseguro.com.br.v3+xml;charset=ISO-8859-1
                    [strict-transport-security] => max-age=31536000
                    [vary] => User-Agent
                    [set-cookie] => TS018765ea=01ed0a5ec2e6b0775481fcaf8b5dca6d12787ade459981e01ba6d64aa4c1564596b91497f7db5ccb959e6e72a24f9c3fb1b245d545; Max-Age=500; Path=/; Domain=.ws.pagseguro.uol.com.br
                )

        )

    [body] => <?xml version="1.0" encoding="ISO-8859-1" standalone="yes"?><directPreApproval><code>80EFEE07F0F0EB3CC4900F9B8CAE6526</code></directPreApproval>
    [response] => Array
        (
            [code] => 200
            [message] => OK
        )

    [cookies] => Array
        (
            [0] => WP_Http_Cookie Object
                (
                    [name] => TS018765ea
                    [value] => 01ed0a5ec2e6b0775481fcaf8b5dca6d12787ade459981e01ba6d64aa4c1564596b91497f7db5ccb959e6e72a24f9c3fb1b245d545
                    [expires] => 
                    [path] => /
                    [domain] => ws.pagseguro.uol.com.br
                    [host_only] => 
                )

        )

    [filename] => 
    [http_response] => WP_HTTP_Requests_Response Object
        (
            [response:protected] => Requests_Response Object
                (
                    [body] => <?xml version="1.0" encoding="ISO-8859-1" standalone="yes"?><directPreApproval><code>80EFEE07F0F0EB3CC4900F9B8CAE6526</code></directPreApproval>
                    [raw] => HTTP/1.1 200 OK
Date: Sat, 03 Apr 2021 12:54:29 GMT
Content-Type: application/vnd.pagseguro.com.br.v3+xml;charset=ISO-8859-1
Strict-Transport-Security: max-age=31536000
Vary: User-Agent
Connection: close
Set-Cookie: TS018765ea=01ed0a5ec2e6b0775481fcaf8b5dca6d12787ade459981e01ba6d64aa4c1564596b91497f7db5ccb959e6e72a24f9c3fb1b245d545; Max-Age=500; Path=/; Domain=.ws.pagseguro.uol.com.br
Transfer-Encoding: chunked

<?xml version="1.0" encoding="ISO-8859-1" standalone="yes"?><directPreApproval><code>80EFEE07F0F0EB3CC4900F9B8CAE6526</code></directPreApproval>
                    [headers] => Requests_Response_Headers Object
                        (
                            [data:protected] => Array
                                (
                                    [date] => Array
                                        (
                                            [0] => Sat, 03 Apr 2021 12:54:29 GMT
                                        )

                                    [content-type] => Array
                                        (
                                            [0] => application/vnd.pagseguro.com.br.v3+xml;charset=ISO-8859-1
                                        )

                                    [strict-transport-security] => Array
                                        (
                                            [0] => max-age=31536000
                                        )

                                    [vary] => Array
                                        (
                                            [0] => User-Agent
                                        )

                                    [set-cookie] => Array
                                        (
                                            [0] => TS018765ea=01ed0a5ec2e6b0775481fcaf8b5dca6d12787ade459981e01ba6d64aa4c1564596b91497f7db5ccb959e6e72a24f9c3fb1b245d545; Max-Age=500; Path=/; Domain=.ws.pagseguro.uol.com.br
                                        )

                                )

                        )

                    [status_code] => 200
                    [protocol_version] => 1.1
                    [success] => 1
                    [redirects] => 0
                    [url] => https://ws.pagseguro.uol.com.br/pre-approvals?email=tocattabrasileira@gmail.com&token=2312f36f-2e04-4c80-baf9-31950fd8842f2a0b6f6047f48f183ee3031e53cfbf925de3-dc2d-4cb8-a6cd-5a614a19be7a
                    [history] => Array
                        (
                        )

                    [cookies] => Requests_Cookie_Jar Object
                        (
                            [cookies:protected] => Array
                                (
                                    [TS018765ea] => Requests_Cookie Object
                                        (
                                            [name] => TS018765ea
                                            [value] => 01ed0a5ec2e6b0775481fcaf8b5dca6d12787ade459981e01ba6d64aa4c1564596b91497f7db5ccb959e6e72a24f9c3fb1b245d545
                                            [attributes] => Requests_Utility_CaseInsensitiveDictionary Object
                                                (
                                                    [data:protected] => Array
                                                        (
                                                            [max-age] => 1617454969
                                                            [path] => /
                                                            [domain] => ws.pagseguro.uol.com.br
                                                        )

                                                )

                                            [flags] => Array
                                                (
                                                    [creation] => 1617454469
                                                    [last-access] => 1617454469
                                                    [persistent] => 
                                                    [host-only] => 
                                                )

                                            [reference_time] => 1617454469
                                        )

                                )

                        )

                )

            [filename:protected] => 
            [data] => 
            [headers] => 
            [status] => 
        )

)

04-03-2021 @ 12:54:30 - Requesting session ID...
04-03-2021 @ 12:54:31 - PagSeguro session is valid! The return is: SimpleXMLElement Object
(
    [id] => b4596e8246464346ad60efc665d521d0
)

04-03-2021 @ 12:54:33 - Checking IPN request...:Array
(
    [notificationCode] => 9E0BAF-AF2EC72EC782-BBB4DF6F86AE-5B5AC9
    [notificationType] => transaction
)

04-03-2021 @ 12:54:34 - PagSeguro IPN is valid! The return is: SimpleXMLElement Object
(
    [date] => 2021-04-03T09:54:25.000-03:00
    [code] => 354F234F-2C1F-4234-AB2D-DE380DC77972
    [reference] => WC-11368
    [type] => 1
    [status] => 3
    [lastEventDate] => 2021-04-03T09:54:32.000-03:00
    [paymentMethod] => SimpleXMLElement Object
        (
            [type] => 1
            [code] => 101
        )

    [grossAmount] => 1.50
    [discountAmount] => 0.00
    [feeAmount] => 0.06
    [netAmount] => 1.44
    [extraAmount] => 0.00
    [escrowEndDate] => 2021-04-17T01:00:00.000-03:00
    [installmentCount] => 1
    [itemCount] => 1
    [items] => SimpleXMLElement Object
        (
            [item] => SimpleXMLElement Object
                (
                    [id] => 001
                    [description] => Validação de cartão de crédito
                    [quantity] => 1
                    [amount] => 1.50
                )

        )

    [sender] => SimpleXMLElement Object
        (
            [name] => Thiago Costa
            [email] => jn_thiago@hotmail.com
            [phone] => SimpleXMLElement Object
                (
                    [areaCode] => 11
                    [number] => 986805442
                )

        )

    [shipping] => SimpleXMLElement Object
        (
            [address] => SimpleXMLElement Object
                (
                    [street] => Ladeira das Virgens
                    [number] => 26
                    [complement] => SimpleXMLElement Object
                        (
                        )

                    [district] => Centro
                    [city] => Santo Amaro
                    [state] => BA
                    [country] => BRA
                    [postalCode] => 44200000
                )

            [type] => 3
            [cost] => 0.00
        )

)

04-03-2021 @ 12:54:34 - PagSeguro payment status for order 11368 is: 3
04-03-2021 @ 12:54:34 - $posted_transaction_id (354F234F2C1F4234AB2DDE380DC77972) and $transaction_id () no not match.
04-03-2021 @ 12:54:34 - Checking IPN request...:Array
(
    [notificationCode] => A27400-4AAD4CAD4CBC-4004F0EFBDE5-77D988
    [notificationType] => preApproval
)

04-03-2021 @ 12:54:35 - PagSeguro IPN is valid! The return is: SimpleXMLElement Object
(
    [name] => Plano MENSAL
    [code] => 80EFEE07F0F0EB3CC4900F9B8CAE6526
    [date] => 2021-04-03T09:54:25-03:00
    [tracker] => D4F128
    [status] => ACTIVE
    [reference] => WC-11368
    [lastEventDate] => 2021-04-03T09:54:33-03:00
    [charge] => MANUAL
    [sender] => SimpleXMLElement Object
        (
            [name] => Thiago Costa
            [email] => jn_thiago@hotmail.com
            [phone] => SimpleXMLElement Object
                (
                    [areaCode] => 11
                    [number] => 986805442
                )

            [address] => SimpleXMLElement Object
                (
                    [street] => Ladeira das Virgens
                    [number] => 26
                    [complement] => SimpleXMLElement Object
                        (
                        )

                    [district] => Centro
                    [city] => Santo Amaro
                    [state] => BA
                    [country] => BRA
                    [postalCode] => 44200000
                )

        )

)

04-03-2021 @ 12:54:35 - PagSeguro preaproval status for subscription 11376 is: ACTIVE
04-03-2021 @ 12:54:37 - Checking IPN request...:Array
(
    [notificationCode] => AB5049-E0FD71FD71C8-6EE4BB3F97CD-ACF510
    [notificationType] => transaction
)

04-03-2021 @ 12:54:38 - PagSeguro IPN is valid! The return is: SimpleXMLElement Object
(
    [date] => 2021-04-03T09:54:25.000-03:00
    [code] => 354F234F-2C1F-4234-AB2D-DE380DC77972
    [reference] => WC-11368
    [type] => 1
    [status] => 6
    [lastEventDate] => 2021-04-03T09:54:36.000-03:00
    [paymentMethod] => SimpleXMLElement Object
        (
            [type] => 1
            [code] => 101
        )

    [grossAmount] => 1.50
    [discountAmount] => 0.00
    [feeAmount] => 0.06
    [netAmount] => 1.44
    [extraAmount] => 0.00
    [escrowEndDate] => 2021-04-17T01:00:00.000-03:00
    [installmentCount] => 1
    [itemCount] => 1
    [items] => SimpleXMLElement Object
        (
            [item] => SimpleXMLElement Object
                (
                    [id] => 001
                    [description] => Validação de cartão de crédito
                    [quantity] => 1
                    [amount] => 1.50
                )

        )

    [sender] => SimpleXMLElement Object
        (
            [name] => Thiago Costa
            [email] => jn_thiago@hotmail.com
            [phone] => SimpleXMLElement Object
                (
                    [areaCode] => 11
                    [number] => 986805442
                )

        )

    [shipping] => SimpleXMLElement Object
        (
            [address] => SimpleXMLElement Object
                (
                    [street] => Ladeira das Virgens
                    [number] => 26
                    [complement] => SimpleXMLElement Object
                        (
                        )

                    [district] => Centro
                    [city] => Santo Amaro
                    [state] => BA
                    [country] => BRA
                    [postalCode] => 44200000
                )

            [type] => 3
            [cost] => 0.00
        )

)

04-03-2021 @ 12:54:38 - PagSeguro payment status for order 11368 is: 6
04-03-2021 @ 12:54:38 - Making payment for order 11368 with the following data: <?xml version="1.0" encoding="UTF-8" standalone="yes"?>
<payment>
  <preApprovalCode>80EFEE07F0F0EB3CC4900F9B8CAE6526</preApprovalCode>
  <reference><![CDATA[WC-11368]]></reference>
  <senderHash>b246be440e158a51e27e70cb730c53eb2877ce5d860a3c38a4f34c6026c11281</senderHash>
  <senderIp>45.225.243.166</senderIp>
  <items>
    <item>
      <id>1</id>
      <description><![CDATA[Plano Mensal - Catão de Crédito]]></description>
      <amount>34.99</amount>
      <quantity>1</quantity>
    </item>
  </items>
</payment>

04-03-2021 @ 12:54:40 - Subscription Payment Response: Array
(
    [headers] => Requests_Utility_CaseInsensitiveDictionary Object
        (
            [data:protected] => Array
                (
                    [date] => Sat, 03 Apr 2021 12:54:40 GMT
                    [content-type] => application/vnd.pagseguro.com.br.v3+xml;charset=ISO-8859-1
                    [strict-transport-security] => max-age=31536000
                    [vary] => User-Agent
                    [set-cookie] => TS0136888b=0160ed0a6c0c87ca5e6365fddaac0fd6345fbbcdb85e775246a672f256adc469acaf4b5dcbcd686ab765bccf225c95fed00e8bcc4e; Path=/; Domain=.ws.pagseguro.uol.com.br
                )

        )

    [body] => <?xml version="1.0" encoding="ISO-8859-1" standalone="yes"?><result><transactionCode>B2255E6674B646B5A486CA0A5B2169FE</transactionCode><date>2021-04-03T09:54:40-03:00</date></result>
    [response] => Array
        (
            [code] => 200
            [message] => OK
        )

    [cookies] => Array
        (
            [0] => WP_Http_Cookie Object
                (
                    [name] => TS0136888b
                    [value] => 0160ed0a6c0c87ca5e6365fddaac0fd6345fbbcdb85e775246a672f256adc469acaf4b5dcbcd686ab765bccf225c95fed00e8bcc4e
                    [expires] => 
                    [path] => /
                    [domain] => ws.pagseguro.uol.com.br
                    [host_only] => 
                )

        )

    [filename] => 
    [http_response] => WP_HTTP_Requests_Response Object
        (
            [response:protected] => Requests_Response Object
                (
                    [body] => <?xml version="1.0" encoding="ISO-8859-1" standalone="yes"?><result><transactionCode>B2255E6674B646B5A486CA0A5B2169FE</transactionCode><date>2021-04-03T09:54:40-03:00</date></result>
                    [raw] => HTTP/1.1 200 OK
Date: Sat, 03 Apr 2021 12:54:40 GMT
Content-Type: application/vnd.pagseguro.com.br.v3+xml;charset=ISO-8859-1
Strict-Transport-Security: max-age=31536000
Vary: User-Agent
Connection: close
Set-Cookie: TS0136888b=0160ed0a6c0c87ca5e6365fddaac0fd6345fbbcdb85e775246a672f256adc469acaf4b5dcbcd686ab765bccf225c95fed00e8bcc4e; Path=/; Domain=.ws.pagseguro.uol.com.br
Transfer-Encoding: chunked

<?xml version="1.0" encoding="ISO-8859-1" standalone="yes"?><result><transactionCode>B2255E6674B646B5A486CA0A5B2169FE</transactionCode><date>2021-04-03T09:54:40-03:00</date></result>
                    [headers] => Requests_Response_Headers Object
                        (
                            [data:protected] => Array
                                (
                                    [date] => Array
                                        (
                                            [0] => Sat, 03 Apr 2021 12:54:40 GMT
                                        )

                                    [content-type] => Array
                                        (
                                            [0] => application/vnd.pagseguro.com.br.v3+xml;charset=ISO-8859-1
                                        )

                                    [strict-transport-security] => Array
                                        (
                                            [0] => max-age=31536000
                                        )

                                    [vary] => Array
                                        (
                                            [0] => User-Agent
                                        )

                                    [set-cookie] => Array
                                        (
                                            [0] => TS0136888b=0160ed0a6c0c87ca5e6365fddaac0fd6345fbbcdb85e775246a672f256adc469acaf4b5dcbcd686ab765bccf225c95fed00e8bcc4e; Path=/; Domain=.ws.pagseguro.uol.com.br
                                        )

                                )

                        )

                    [status_code] => 200
                    [protocol_version] => 1.1
                    [success] => 1
                    [redirects] => 0
                    [url] => https://ws.pagseguro.uol.com.br/pre-approvals/payment?email=tocattabrasileira@gmail.com&token=2312f36f-2e04-4c80-baf9-31950fd8842f2a0b6f6047f48f183ee3031e53cfbf925de3-dc2d-4cb8-a6cd-5a614a19be7a
                    [history] => Array
                        (
                        )

                    [cookies] => Requests_Cookie_Jar Object
                        (
                            [cookies:protected] => Array
                                (
                                    [TS0136888b] => Requests_Cookie Object
                                        (
                                            [name] => TS0136888b
                                            [value] => 0160ed0a6c0c87ca5e6365fddaac0fd6345fbbcdb85e775246a672f256adc469acaf4b5dcbcd686ab765bccf225c95fed00e8bcc4e
                                            [attributes] => Requests_Utility_CaseInsensitiveDictionary Object
                                                (
                                                    [data:protected] => Array
                                                        (
                                                            [path] => /
                                                            [domain] => ws.pagseguro.uol.com.br
                                                        )

                                                )

                                            [flags] => Array
                                                (
                                                    [creation] => 1617454480
                                                    [last-access] => 1617454480
                                                    [persistent] => 
                                                    [host-only] => 
                                                )

                                            [reference_time] => 1617454480
                                        )

                                )

                        )

                )

            [filename:protected] => 
            [data] => 
            [headers] => 
            [status] => 
        )

)

04-03-2021 @ 12:54:40 - Payment added to the plan successfully!
04-03-2021 @ 12:54:40 - PagSeguro payment code for order 11368 is: B2255E6674B646B5A486CA0A5B2169FE
04-03-2021 @ 12:54:40 - Processing payment on pending order: 11368. Response:B2255E6674B646B5A486CA0A5B2169FE
04-03-2021 @ 12:54:43 - Checking IPN request...:Array
(
    [notificationCode] => C322C1-468F5A8F5AEA-94441CEF8A16-477028
    [notificationType] => transaction
)

04-03-2021 @ 12:54:44 - PagSeguro IPN is valid! The return is: SimpleXMLElement Object
(
    [date] => 2021-04-03T09:54:38.000-03:00
    [code] => B2255E66-74B6-46B5-A486-CA0A5B2169FE
    [reference] => WC-11368
    [type] => 11
    [status] => 3
    [lastEventDate] => 2021-04-03T09:54:42.000-03:00
    [paymentMethod] => SimpleXMLElement Object
        (
            [type] => 1
            [code] => 101
        )

    [grossAmount] => 34.99
    [discountAmount] => 0.00
    [feeAmount] => 1.40
    [netAmount] => 33.59
    [escrowEndDate] => 2021-04-17T01:00:00.000-03:00
    [installmentCount] => 1
    [itemCount] => 1
    [items] => SimpleXMLElement Object
        (
            [item] => SimpleXMLElement Object
                (
                    [id] => 1
                    [description] => Plano Mensal - Catão de Crédito
                    [quantity] => 1
                    [amount] => 34.99
                )

        )

    [sender] => SimpleXMLElement Object
        (
            [name] => Thiago Costa
            [email] => jn_thiago@hotmail.com
            [phone] => SimpleXMLElement Object
                (
                    [areaCode] => 11
                    [number] => 986805442
                )

        )

    [shipping] => SimpleXMLElement Object
        (
            [address] => SimpleXMLElement Object
                (
                    [street] => Ladeira das Virgens
                    [number] => 26
                    [complement] => SimpleXMLElement Object
                        (
                        )

                    [district] => Centro
                    [city] => Santo Amaro
                    [state] => BA
                    [country] => BRA
                    [postalCode] => 44200000
                )

            [type] => 3
            [cost] => 0.00
        )

)

04-03-2021 @ 12:54:44 - PagSeguro payment status for order 11368 is: 3
04-03-2021 @ 12:54:49 - Requesting session ID...
04-03-2021 @ 12:54:49 - PagSeguro session is valid! The return is: SimpleXMLElement Object
(
    [id] => f71d6387dac84ce28b61ba4312750a2a
)

