03-05-2021 @ 17:00:31 - 3.0.13 upgrade complete from Subscriptions v0 while WooCommerce WC_VERSION 5.0.0 and database version 4.4.0 was active.
03-05-2021 @ 17:00:31 - Environment info:
03-05-2021 @ 17:00:31 -     WordPress Version : 5.6.2
03-05-2021 @ 17:00:31 - Active Plugins:
03-05-2021 @ 17:00:31 -     Akismet Anti-Spam by Automattic – 4.1.9
03-05-2021 @ 17:00:31 -     Anywhere Elementor by WPVibes – 1.2.3
03-05-2021 @ 17:00:31 -     ARMember - Complete Membership Plugin by Repute InfoSystems – 4.1.3
03-05-2021 @ 17:00:31 -     ARMember - Pagseguro payment gateway Addon by Repute InfoSystems – 1.9
03-05-2021 @ 17:00:31 -     Automatic Translate Addon For Loco Translate by Cool Plugins – 2.1.3
03-05-2021 @ 17:00:31 -     Classic Editor by WordPress Contributors – 1.6
03-05-2021 @ 17:00:31 -     Contact Form 7 by Takayuki Miyoshi – 5.4
03-05-2021 @ 17:00:31 -     Cresta Help Chat by CrestaProject - Rizzo Andrea – 1.2.2
03-05-2021 @ 17:00:31 -     Eduma Demo Data by ThimPress – 1.2.1
03-05-2021 @ 17:00:31 -     Elementor by Elementor.com – 3.0.8.1
03-05-2021 @ 17:00:31 -     GA Google Analytics by Jeff Starr – 20210211
03-05-2021 @ 17:00:31 -     LearnPress - Course Review by ThimPress – 3.0.5
03-05-2021 @ 17:00:31 -     LearnPress - Gradebook by ThimPress – 3.0.10
03-05-2021 @ 17:00:31 -     LearnPress - Stripe Payment by ThimPress – 3.0.0
03-05-2021 @ 17:00:31 -     LearnPress - Course Wishlist by ThimPress – 3.0.2
03-05-2021 @ 17:00:31 -     LearnPress - WooCommerce Payment Methods Integration by ThimPress – 3.2.0
03-05-2021 @ 17:00:31 -     LearnPress by ThimPress – 3.2.8.7
03-05-2021 @ 17:00:31 -     Loco Translate by Tim Whitlock – 2.5.0
03-05-2021 @ 17:00:31 -     MC4WP: Mailchimp for WordPress by ibericode – 4.8.3
03-05-2021 @ 17:00:31 -     Facebook for WordPress by Facebook – 3.0.4
03-05-2021 @ 17:00:31 -     PayPal Brasil para WooCommerce by PayPal – 1.3.0
03-05-2021 @ 17:00:31 -     Real-Time Find and Replace by Marios Alexandrou – 4.0.2
03-05-2021 @ 17:00:31 -     Really Simple SSL by Really Simple Plugins – 4.0.9
03-05-2021 @ 17:00:31 -     Slider Revolution by ThemePunch – 6.2.9
03-05-2021 @ 17:00:31 -     Thim Core by ThimPress – 1.10.1
03-05-2021 @ 17:00:31 -     Thim Our Team by ThimPress – 1.3.1
03-05-2021 @ 17:00:31 -     Thim Testimonials by ThimPress – 1.3.1
03-05-2021 @ 17:00:31 -     Thim Portfolio by ThimPress – 1.8
03-05-2021 @ 17:00:31 -     Brazilian Market on WooCommerce by Claudio Sanches – 3.7.2
03-05-2021 @ 17:00:31 -     WooCommerce PagSeguro Recorrente by Felipe Rinaldi – 2.0.0
03-05-2021 @ 17:00:31 -     Claudio Sanches - PagSeguro for WooCommerce by Claudio Sanches – 2.14.0
03-05-2021 @ 17:00:31 -     WooCommerce Subscriptions by WooCommerce – 3.0.13
03-05-2021 @ 17:00:31 -     WooCommerce by Automattic – 5.0.0
03-05-2021 @ 17:00:31 -     Wordfence Security by Wordfence – 7.4.14
